<?xml version="1.0" encoding="UTF-8" ?>
<testsuite tests="8" failures="0" name="at.aau.ue3.bsp2.RelationCheckerTest" time="0.032" errors="1" skipped="0">
  <properties>
[...]
</properties>
  <testcase classname="at.aau.ue3.bsp2.RelationCheckerTest" name="StatementCoverage1" time="0.017"/>
  <testcase classname="at.aau.ue3.bsp2.RelationCheckerTest" name="StatementCoverage2" time="0.003"/>
  <testcase classname="at.aau.ue3.bsp2.RelationCheckerTest" name="PathCoverage1" time="0"/>
  <testcase classname="at.aau.ue3.bsp2.RelationCheckerTest" name="PathCoverage2" time="0"/>
  <testcase classname="at.aau.ue3.bsp2.RelationCheckerTest" name="PathCoverage3" time="0"/>
  <testcase classname="at.aau.ue3.bsp2.RelationCheckerTest" name="PathCoverage4" time="0.012">
    <error message="/ by zero" type="java.lang.ArithmeticException">java.lang.ArithmeticException: / by zero
	at at.aau.ue3.bsp2.RelationChecker.checkRelation(RelationChecker.java:15)
	at at.aau.ue3.bsp2.RelationCheckerTest.PathCoverage4(RelationCheckerTest.java:48)
	at java.base/jdk.internal.reflect.NativeMethodAccessorImpl.invoke0(Native Method)
	at java.base/jdk.internal.reflect.NativeMethodAccessorImpl.invoke(NativeMethodAccessorImpl.java:64)
	at java.base/jdk.internal.reflect.DelegatingMethodAccessorImpl.invoke(DelegatingMethodAccessorImpl.java:43)
	at java.base/java.lang.reflect.Method.invoke(Method.java:564)
	at org.junit.runners.model.FrameworkMethod$1.runReflectiveCall(FrameworkMethod.java:50)
	at org.junit.internal.runners.model.ReflectiveCallable.run(ReflectiveCallable.java:12)
	at org.junit.runners.model.FrameworkMethod.invokeExplosively(FrameworkMethod.java:47)
	at org.junit.internal.runners.statements.InvokeMethod.evaluate(InvokeMethod.java:17)
	at org.junit.runners.ParentRunner.runLeaf(ParentRunner.java:325)
	at org.junit.runners.BlockJUnit4ClassRunner.runChild(BlockJUnit4ClassRunner.java:78)
	at org.junit.runners.BlockJUnit4ClassRunner.runChild(BlockJUnit4ClassRunner.java:57)
	at org.junit.runners.ParentRunner$3.run(ParentRunner.java:290)
	at org.junit.runners.ParentRunner$1.schedule(ParentRunner.java:71)
	at org.junit.runners.ParentRunner.runChildren(ParentRunner.java:288)
	at org.junit.runners.ParentRunner.access$000(ParentRunner.java:58)
	at org.junit.runners.ParentRunner$2.evaluate(ParentRunner.java:268)
	at org.junit.runners.ParentRunner.run(ParentRunner.java:363)
	at org.apache.maven.surefire.junit4.JUnit4Provider.execute(JUnit4Provider.java:252)
	at org.apache.maven.surefire.junit4.JUnit4Provider.executeTestSet(JUnit4Provider.java:141)
	at org.apache.maven.surefire.junit4.JUnit4Provider.invoke(JUnit4Provider.java:112)
	at java.base/jdk.internal.reflect.NativeMethodAccessorImpl.invoke0(Native Method)
	at java.base/jdk.internal.reflect.NativeMethodAccessorImpl.invoke(NativeMethodAccessorImpl.java:64)
	at java.base/jdk.internal.reflect.DelegatingMethodAccessorImpl.invoke(DelegatingMethodAccessorImpl.java:43)
	at java.base/java.lang.reflect.Method.invoke(Method.java:564)
	at org.apache.maven.surefire.util.ReflectionUtils.invokeMethodWithArray(ReflectionUtils.java:189)
	at org.apache.maven.surefire.booter.ProviderFactory$ProviderProxy.invoke(ProviderFactory.java:165)
	at org.apache.maven.surefire.booter.ProviderFactory.invokeProvider(ProviderFactory.java:85)
	at org.apache.maven.surefire.booter.ForkedBooter.runSuitesInProcess(ForkedBooter.java:115)
	at org.apache.maven.surefire.booter.ForkedBooter.main(ForkedBooter.java:75)
</error>
  </testcase>
  <testcase classname="at.aau.ue3.bsp2.RelationCheckerTest" name="BranchCoverage1" time="0"/>
  <testcase classname="at.aau.ue3.bsp2.RelationCheckerTest" name="BranchCoverage2" time="0"/>
</testsuite>